{"D:\\workspace_nestjs\\nestjs-course-fundamentals\\src\\coffees\\coffees.service.ts": {"path":"D:\\workspace_nestjs\\nestjs-course-fundamentals\\src\\coffees\\coffees.service.ts","statementMap":{"0":{"start":{"line":1,"column":0},"end":{"line":1,"column":71}},"1":{"start":{"line":2,"column":0},"end":{"line":2,"column":51}},"2":{"start":{"line":4,"column":0},"end":{"line":4,"column":49}},"3":{"start":{"line":8,"column":0},"end":{"line":8,"column":50}},"4":{"start":{"line":9,"column":0},"end":{"line":9,"column":50}},"5":{"start":{"line":10,"column":0},"end":{"line":10,"column":56}},"6":{"start":{"line":11,"column":0},"end":{"line":11,"column":52}},"7":{"start":{"line":14,"column":0},"end":{"line":112,"column":null}},"8":{"start":{"line":18,"column":21},"end":{"line":18,"column":39}},"9":{"start":{"line":20,"column":21},"end":{"line":20,"column":39}},"10":{"start":{"line":21,"column":21},"end":{"line":21,"column":33}},"11":{"start":{"line":23,"column":12},"end":{"line":23,"column":66}},"12":{"start":{"line":27,"column":30},"end":{"line":27,"column":45}},"13":{"start":{"line":28,"column":4},"end":{"line":32,"column":7}},"14":{"start":{"line":36,"column":19},"end":{"line":38,"column":6}},"15":{"start":{"line":40,"column":4},"end":{"line":41,"column":61}},"16":{"start":{"line":41,"column":6},"end":{"line":41,"column":61}},"17":{"start":{"line":43,"column":4},"end":{"line":43,"column":18}},"18":{"start":{"line":47,"column":20},"end":{"line":48,"column":null}},"19":{"start":{"line":48,"column":42},"end":{"line":48,"column":72}},"20":{"start":{"line":51,"column":19},"end":{"line":53,"column":null}},"21":{"start":{"line":56,"column":4},"end":{"line":56,"column":46}},"22":{"start":{"line":60,"column":20},"end":{"line":61,"column":94}},"23":{"start":{"line":61,"column":61},"end":{"line":61,"column":91}},"24":{"start":{"line":63,"column":19},"end":{"line":66,"column":null}},"25":{"start":{"line":69,"column":4},"end":{"line":71,"column":null}},"26":{"start":{"line":70,"column":6},"end":{"line":70,"column":61}},"27":{"start":{"line":72,"column":4},"end":{"line":72,"column":46}},"28":{"start":{"line":76,"column":19},"end":{"line":76,"column":41}},"29":{"start":{"line":77,"column":4},"end":{"line":77,"column":48}},"30":{"start":{"line":81,"column":24},"end":{"line":81,"column":59}},"31":{"start":{"line":83,"column":4},"end":{"line":83,"column":32}},"32":{"start":{"line":84,"column":4},"end":{"line":84,"column":41}},"33":{"start":{"line":85,"column":4},"end":{"line":102,"column":null}},"34":{"start":{"line":87,"column":6},"end":{"line":87,"column":31}},"35":{"start":{"line":89,"column":29},"end":{"line":89,"column":40}},"36":{"start":{"line":90,"column":6},"end":{"line":90,"column":47}},"37":{"start":{"line":91,"column":6},"end":{"line":91,"column":37}},"38":{"start":{"line":92,"column":6},"end":{"line":92,"column":55}},"39":{"start":{"line":94,"column":6},"end":{"line":94,"column":45}},"40":{"start":{"line":95,"column":6},"end":{"line":95,"column":53}},"41":{"start":{"line":97,"column":6},"end":{"line":97,"column":44}},"42":{"start":{"line":99,"column":6},"end":{"line":99,"column":46}},"43":{"start":{"line":101,"column":6},"end":{"line":101,"column":34}},"44":{"start":{"line":106,"column":27},"end":{"line":106,"column":72}},"45":{"start":{"line":107,"column":4},"end":{"line":109,"column":null}},"46":{"start":{"line":108,"column":6},"end":{"line":108,"column":28}},"47":{"start":{"line":110,"column":4},"end":{"line":110,"column":50}},"48":{"start":{"line":14,"column":13},"end":{"line":112,"column":null}},"49":{"start":{"line":14,"column":13},"end":{"line":14,"column":27}}},"fnMap":{"0":{"name":"(anonymous_4)","decl":{"start":{"line":16,"column":2},"end":{"line":16,"column":null}},"loc":{"start":{"line":23,"column":66},"end":{"line":24,"column":6}}},"1":{"name":"(anonymous_5)","decl":{"start":{"line":26,"column":2},"end":{"line":26,"column":9}},"loc":{"start":{"line":26,"column":45},"end":{"line":33,"column":3}}},"2":{"name":"(anonymous_6)","decl":{"start":{"line":35,"column":2},"end":{"line":35,"column":7}},"loc":{"start":{"line":35,"column":26},"end":{"line":44,"column":3}}},"3":{"name":"(anonymous_7)","decl":{"start":{"line":46,"column":2},"end":{"line":46,"column":7}},"loc":{"start":{"line":46,"column":47},"end":{"line":57,"column":3}}},"4":{"name":"(anonymous_8)","decl":{"start":{"line":48,"column":34},"end":{"line":48,"column":38}},"loc":{"start":{"line":48,"column":42},"end":{"line":48,"column":72}}},"5":{"name":"(anonymous_9)","decl":{"start":{"line":59,"column":2},"end":{"line":59,"column":7}},"loc":{"start":{"line":59,"column":59},"end":{"line":73,"column":3}}},"6":{"name":"(anonymous_10)","decl":{"start":{"line":61,"column":53},"end":{"line":61,"column":57}},"loc":{"start":{"line":61,"column":61},"end":{"line":61,"column":91}}},"7":{"name":"(anonymous_11)","decl":{"start":{"line":75,"column":2},"end":{"line":75,"column":7}},"loc":{"start":{"line":75,"column":25},"end":{"line":78,"column":3}}},"8":{"name":"(anonymous_12)","decl":{"start":{"line":80,"column":2},"end":{"line":80,"column":7}},"loc":{"start":{"line":80,"column":38},"end":{"line":103,"column":3}}},"9":{"name":"(anonymous_13)","decl":{"start":{"line":105,"column":10},"end":{"line":105,"column":15}},"loc":{"start":{"line":105,"column":48},"end":{"line":111,"column":3}}}},"branchMap":{"0":{"loc":{"start":{"line":40,"column":4},"end":{"line":41,"column":61}},"type":"if","locations":[{"start":{"line":40,"column":4},"end":{"line":41,"column":61}},{"start":{"line":40,"column":4},"end":{"line":41,"column":61}}]},"1":{"loc":{"start":{"line":60,"column":20},"end":{"line":60,"column":43}},"type":"binary-expr","locations":[{"start":{"line":60,"column":20},"end":{"line":60,"column":43}},{"start":{"line":61,"column":7},"end":{"line":61,"column":93}}]},"2":{"loc":{"start":{"line":69,"column":4},"end":{"line":71,"column":null}},"type":"if","locations":[{"start":{"line":69,"column":4},"end":{"line":71,"column":null}},{"start":{"line":69,"column":4},"end":{"line":71,"column":null}}]},"3":{"loc":{"start":{"line":107,"column":4},"end":{"line":109,"column":null}},"type":"if","locations":[{"start":{"line":107,"column":4},"end":{"line":109,"column":null}},{"start":{"line":107,"column":4},"end":{"line":109,"column":null}}]}},"s":{"0":1,"1":1,"2":1,"3":1,"4":1,"5":1,"6":1,"7":1,"8":3,"9":3,"10":3,"11":3,"12":0,"13":0,"14":2,"15":2,"16":1,"17":1,"18":0,"19":0,"20":0,"21":0,"22":0,"23":0,"24":0,"25":0,"26":0,"27":0,"28":0,"29":0,"30":0,"31":0,"32":0,"33":0,"34":0,"35":0,"36":0,"37":0,"38":0,"39":0,"40":0,"41":0,"42":0,"43":0,"44":0,"45":0,"46":0,"47":0,"48":1,"49":1},"f":{"0":3,"1":0,"2":2,"3":0,"4":0,"5":0,"6":0,"7":0,"8":0,"9":0},"b":{"0":[1,1],"1":[0,0],"2":[0,0],"3":[0,0]}}
,"D:\\workspace_nestjs\\nestjs-course-fundamentals\\src\\coffees\\config\\coffees.config.ts": {"path":"D:\\workspace_nestjs\\nestjs-course-fundamentals\\src\\coffees\\config\\coffees.config.ts","statementMap":{"0":{"start":{"line":1,"column":0},"end":{"line":1,"column":44}},"1":{"start":{"line":3,"column":0},"end":{"line":5,"column":4}},"2":{"start":{"line":3,"column":44},"end":{"line":5,"column":2}}},"fnMap":{"0":{"name":"(anonymous_0)","decl":{"start":{"line":3,"column":37},"end":{"line":3,"column":40}},"loc":{"start":{"line":3,"column":44},"end":{"line":5,"column":2}}}},"branchMap":{},"s":{"0":1,"1":1,"2":3},"f":{"0":3},"b":{}}
,"D:\\workspace_nestjs\\nestjs-course-fundamentals\\src\\coffees\\entities\\coffee.entity.ts": {"path":"D:\\workspace_nestjs\\nestjs-course-fundamentals\\src\\coffees\\entities\\coffee.entity.ts","statementMap":{"0":{"start":{"line":1,"column":0},"end":{"line":1,"column":88}},"1":{"start":{"line":2,"column":0},"end":{"line":2,"column":41}},"2":{"start":{"line":5,"column":0},"end":{"line":30,"column":null}},"3":{"start":{"line":7,"column":2},"end":{"line":7,"column":null}},"4":{"start":{"line":10,"column":2},"end":{"line":10,"column":null}},"5":{"start":{"line":13,"column":2},"end":{"line":13,"column":null}},"6":{"start":{"line":16,"column":2},"end":{"line":16,"column":null}},"7":{"start":{"line":19,"column":2},"end":{"line":19,"column":null}},"8":{"start":{"line":29,"column":2},"end":{"line":29,"column":null}},"9":{"start":{"line":23,"column":12},"end":{"line":23,"column":18}},"10":{"start":{"line":24,"column":14},"end":{"line":24,"column":28}},"11":{"start":{"line":5,"column":13},"end":{"line":30,"column":null}},"12":{"start":{"line":5,"column":13},"end":{"line":5,"column":19}}},"fnMap":{"0":{"name":"(anonymous_2)","decl":{"start":{"line":23,"column":4},"end":{"line":23,"column":8}},"loc":{"start":{"line":23,"column":12},"end":{"line":23,"column":18}}},"1":{"name":"(anonymous_3)","decl":{"start":{"line":24,"column":4},"end":{"line":24,"column":10}},"loc":{"start":{"line":24,"column":14},"end":{"line":24,"column":28}}}},"branchMap":{},"s":{"0":1,"1":1,"2":1,"3":1,"4":1,"5":1,"6":1,"7":1,"8":1,"9":0,"10":0,"11":1,"12":1},"f":{"0":0,"1":0},"b":{}}
,"D:\\workspace_nestjs\\nestjs-course-fundamentals\\src\\coffees\\entities\\flavor.entity.ts": {"path":"D:\\workspace_nestjs\\nestjs-course-fundamentals\\src\\coffees\\entities\\flavor.entity.ts","statementMap":{"0":{"start":{"line":1,"column":0},"end":{"line":1,"column":77}},"1":{"start":{"line":2,"column":0},"end":{"line":2,"column":41}},"2":{"start":{"line":5,"column":0},"end":{"line":17,"column":null}},"3":{"start":{"line":7,"column":2},"end":{"line":7,"column":null}},"4":{"start":{"line":10,"column":2},"end":{"line":10,"column":null}},"5":{"start":{"line":16,"column":2},"end":{"line":16,"column":null}},"6":{"start":{"line":13,"column":12},"end":{"line":13,"column":18}},"7":{"start":{"line":14,"column":14},"end":{"line":14,"column":28}},"8":{"start":{"line":5,"column":13},"end":{"line":17,"column":null}},"9":{"start":{"line":5,"column":13},"end":{"line":5,"column":19}}},"fnMap":{"0":{"name":"(anonymous_2)","decl":{"start":{"line":13,"column":4},"end":{"line":13,"column":8}},"loc":{"start":{"line":13,"column":12},"end":{"line":13,"column":18}}},"1":{"name":"(anonymous_3)","decl":{"start":{"line":14,"column":4},"end":{"line":14,"column":10}},"loc":{"start":{"line":14,"column":14},"end":{"line":14,"column":28}}}},"branchMap":{},"s":{"0":1,"1":1,"2":1,"3":1,"4":1,"5":1,"6":0,"7":0,"8":1,"9":1},"f":{"0":0,"1":0},"b":{}}
,"D:\\workspace_nestjs\\nestjs-course-fundamentals\\src\\events\\entities\\event.entity.ts": {"path":"D:\\workspace_nestjs\\nestjs-course-fundamentals\\src\\events\\entities\\event.entity.ts","statementMap":{"0":{"start":{"line":1,"column":0},"end":{"line":1,"column":72}},"1":{"start":{"line":4,"column":0},"end":{"line":17,"column":null}},"2":{"start":{"line":6,"column":2},"end":{"line":6,"column":null}},"3":{"start":{"line":9,"column":2},"end":{"line":9,"column":null}},"4":{"start":{"line":13,"column":2},"end":{"line":13,"column":null}},"5":{"start":{"line":16,"column":2},"end":{"line":16,"column":null}},"6":{"start":{"line":4,"column":13},"end":{"line":17,"column":null}},"7":{"start":{"line":4,"column":13},"end":{"line":4,"column":18}}},"fnMap":{},"branchMap":{},"s":{"0":1,"1":1,"2":1,"3":1,"4":1,"5":1,"6":1,"7":1},"f":{},"b":{}}
}
