TN:
SF:src\coffees\coffees.service.ts
FN:16,(anonymous_4)
FN:26,(anonymous_5)
FN:35,(anonymous_6)
FN:46,(anonymous_7)
FN:48,(anonymous_8)
FN:59,(anonymous_9)
FN:61,(anonymous_10)
FN:75,(anonymous_11)
FN:80,(anonymous_12)
FN:105,(anonymous_13)
FNF:10
FNH:2
FNDA:3,(anonymous_4)
FNDA:0,(anonymous_5)
FNDA:2,(anonymous_6)
FNDA:0,(anonymous_7)
FNDA:0,(anonymous_8)
FNDA:0,(anonymous_9)
FNDA:0,(anonymous_10)
FNDA:0,(anonymous_11)
FNDA:0,(anonymous_12)
FNDA:0,(anonymous_13)
DA:1,1
DA:2,1
DA:4,1
DA:8,1
DA:9,1
DA:10,1
DA:11,1
DA:14,1
DA:18,3
DA:20,3
DA:21,3
DA:23,3
DA:27,0
DA:28,0
DA:36,2
DA:40,2
DA:41,1
DA:43,1
DA:47,0
DA:48,0
DA:51,0
DA:56,0
DA:60,0
DA:61,0
DA:63,0
DA:69,0
DA:70,0
DA:72,0
DA:76,0
DA:77,0
DA:81,0
DA:83,0
DA:84,0
DA:85,0
DA:87,0
DA:89,0
DA:90,0
DA:91,0
DA:92,0
DA:94,0
DA:95,0
DA:97,0
DA:99,0
DA:101,0
DA:106,0
DA:107,0
DA:108,0
DA:110,0
LF:48
LH:16
BRDA:40,0,0,1
BRDA:40,0,1,1
BRDA:60,1,0,0
BRDA:60,1,1,0
BRDA:69,2,0,0
BRDA:69,2,1,0
BRDA:107,3,0,0
BRDA:107,3,1,0
BRF:8
BRH:2
end_of_record
TN:
SF:src\coffees\config\coffees.config.ts
FN:3,(anonymous_0)
FNF:1
FNH:1
FNDA:3,(anonymous_0)
DA:1,1
DA:3,3
LF:2
LH:2
BRF:0
BRH:0
end_of_record
TN:
SF:src\coffees\entities\coffee.entity.ts
FN:23,(anonymous_2)
FN:24,(anonymous_3)
FNF:2
FNH:0
FNDA:0,(anonymous_2)
FNDA:0,(anonymous_3)
DA:1,1
DA:2,1
DA:5,1
DA:7,1
DA:10,1
DA:13,1
DA:16,1
DA:19,1
DA:23,0
DA:24,0
DA:29,1
LF:11
LH:9
BRF:0
BRH:0
end_of_record
TN:
SF:src\coffees\entities\flavor.entity.ts
FN:13,(anonymous_2)
FN:14,(anonymous_3)
FNF:2
FNH:0
FNDA:0,(anonymous_2)
FNDA:0,(anonymous_3)
DA:1,1
DA:2,1
DA:5,1
DA:7,1
DA:10,1
DA:13,0
DA:14,0
DA:16,1
LF:8
LH:6
BRF:0
BRH:0
end_of_record
TN:
SF:src\events\entities\event.entity.ts
FNF:0
FNH:0
DA:1,1
DA:4,1
DA:6,1
DA:9,1
DA:13,1
DA:16,1
LF:6
LH:6
BRF:0
BRH:0
end_of_record
